Started at Sat Dec 03 05:01:18 UTC 2022
Processing build
Offering build to Project Build Discarder
Finished at Sat Dec 03 05:01:18 UTC 2022. 10ms
Started at Sat Dec 03 06:01:18 UTC 2022
Processing build
Offering build to Project Build Discarder
Finished at Sat Dec 03 06:01:18 UTC 2022. 2ms
Started at Sat Dec 03 07:01:18 UTC 2022
Processing build
Offering build to Project Build Discarder
Finished at Sat Dec 03 07:01:18 UTC 2022. 6ms
Started at Sat Dec 03 08:01:18 UTC 2022
Processing build
Offering build to Project Build Discarder
Finished at Sat Dec 03 08:01:18 UTC 2022. 0ms
Started at Sat Dec 03 09:01:18 UTC 2022
Processing build
Offering build to Project Build Discarder
Finished at Sat Dec 03 09:01:18 UTC 2022. 1ms
Started at Sat Dec 03 10:01:18 UTC 2022
Processing build
Offering build to Project Build Discarder
Finished at Sat Dec 03 10:01:18 UTC 2022. 1ms
Started at Sat Dec 03 11:01:18 UTC 2022
Processing build
Offering build to Project Build Discarder
Finished at Sat Dec 03 11:01:18 UTC 2022. 6ms
Started at Sat Dec 03 12:01:18 UTC 2022
Processing build
Offering build to Project Build Discarder
Processing test_job
Offering test_job to Project Build Discarder
Finished at Sat Dec 03 12:01:18 UTC 2022. 13ms
